<?xml version="1.0" encoding="UTF-8"?>
<testng-results ignored="0" total="1" passed="1" failed="0" skipped="0">
  <reporter-output>
  </reporter-output>
  <suite started-at="2022-07-22T13:51:46 IST" name="Default suite" finished-at="2022-07-22T13:52:18 IST" duration-ms="31642">
    <groups>
    </groups>
    <test started-at="2022-07-22T13:51:46 IST" name="Default test" finished-at="2022-07-22T13:52:18 IST" duration-ms="31642">
      <class name="com.Practies.ExtendReport">
        <test-method signature="testReport()[pri:0, instance:com.Practies.ExtendReport@31ea9581]" started-at="2022-07-22T13:51:46 IST" name="testReport" finished-at="2022-07-22T13:52:18 IST" duration-ms="31570" status="PASS">
          <reporter-output>
          </reporter-output>
        </test-method> <!-- testReport -->
      </class> <!-- com.Practies.ExtendReport -->
    </test> <!-- Default test -->
  </suite> <!-- Default suite -->
</testng-results>
