<?xml version="1.0" encoding="UTF-8"?>
<testng-results ignored="1" total="2" passed="1" failed="0" skipped="0">
  <reporter-output>
  </reporter-output>
  <suite started-at="2022-04-19T15:38:47 IST" name="Default suite" finished-at="2022-04-19T15:39:39 IST" duration-ms="52238">
    <groups>
      <group name="smoke">
        <method signature="TC003_ContactWithOrgTest.createContactTest()[pri:0, instance:com.Vtiger_Application.TC003_ContactWithOrgTest@1e1a0406]" name="createContactTest" class="com.Vtiger_Application.TC003_ContactWithOrgTest"/>
      </group> <!-- smoke -->
    </groups>
    <test started-at="2022-04-19T15:38:47 IST" name="Default test" finished-at="2022-04-19T15:39:39 IST" duration-ms="52238">
      <class name="com.Vtiger_Application.TC003_ContactWithOrgTest">
        <test-method is-config="true" signature="beforesuite()[pri:0, instance:com.Vtiger_Application.TC003_ContactWithOrgTest@1e1a0406]" started-at="2022-04-19T15:38:47 IST" name="beforesuite" finished-at="2022-04-19T15:38:47 IST" duration-ms="28" status="PASS">
          <reporter-output>
          </reporter-output>
        </test-method> <!-- beforesuite -->
        <test-method is-config="true" signature="beforeclass()[pri:0, instance:com.Vtiger_Application.TC003_ContactWithOrgTest@1e1a0406]" started-at="2022-04-19T15:38:47 IST" name="beforeclass" finished-at="2022-04-19T15:38:52 IST" duration-ms="5361" status="PASS">
          <reporter-output>
          </reporter-output>
        </test-method> <!-- beforeclass -->
        <test-method is-config="true" signature="logintoVtiger()[pri:0, instance:com.Vtiger_Application.TC003_ContactWithOrgTest@1e1a0406]" started-at="2022-04-19T15:38:52 IST" name="logintoVtiger" finished-at="2022-04-19T15:39:01 IST" duration-ms="8737" status="PASS">
          <reporter-output>
          </reporter-output>
        </test-method> <!-- logintoVtiger -->
        <test-method signature="createContactTest()[pri:0, instance:com.Vtiger_Application.TC003_ContactWithOrgTest@1e1a0406]" started-at="2022-04-19T15:39:01 IST" name="createContactTest" finished-at="2022-04-19T15:39:36 IST" duration-ms="34656" status="PASS">
          <reporter-output>
          </reporter-output>
        </test-method> <!-- createContactTest -->
        <test-method is-config="true" signature="logout()[pri:0, instance:com.Vtiger_Application.TC003_ContactWithOrgTest@1e1a0406]" started-at="2022-04-19T15:39:36 IST" name="logout" finished-at="2022-04-19T15:39:39 IST" duration-ms="3242" status="PASS">
          <reporter-output>
          </reporter-output>
        </test-method> <!-- logout -->
        <test-method is-config="true" signature="afterClass()[pri:0, instance:com.Vtiger_Application.TC003_ContactWithOrgTest@1e1a0406]" started-at="2022-04-19T15:39:39 IST" name="afterClass" finished-at="2022-04-19T15:39:39 IST" duration-ms="135" status="PASS">
          <reporter-output>
          </reporter-output>
        </test-method> <!-- afterClass -->
        <test-method is-config="true" signature="afterSuite()[pri:0, instance:com.Vtiger_Application.TC003_ContactWithOrgTest@1e1a0406]" started-at="2022-04-19T15:39:39 IST" name="afterSuite" finished-at="2022-04-19T15:39:39 IST" duration-ms="0" status="PASS">
          <reporter-output>
          </reporter-output>
        </test-method> <!-- afterSuite -->
      </class> <!-- com.Vtiger_Application.TC003_ContactWithOrgTest -->
    </test> <!-- Default test -->
  </suite> <!-- Default suite -->
</testng-results>
