<?xml version="1.0" encoding="UTF-8"?>
<!-- Generated by org.testng.reporters.JUnitXMLReporter -->
<testsuite ignored="0" hostname="DESKTOP-J1BNB1Q" failures="0" tests="2" name="Test1" time="3.147" errors="0" timestamp="2022-04-11T13:10:06 IST">
  <testcase classname="com.generic.BaseClass" name="@BeforeClass beforeclass" time="2.896">
    <failure type="org.openqa.selenium.WebDriverException" message="Cannot find firefox binary in PATH. Make sure firefox is installed. OS appears to be: WIN10
Build info: version: &amp;apos;4.1.1&amp;apos;, revision: &amp;apos;e8fcc2cecf&amp;apos;
System info: host: &amp;apos;DESKTOP-J1BNB1Q&amp;apos;, ip: &amp;apos;192.168.60.155&amp;apos;, os.name: &amp;apos;Windows 10&amp;apos;, os.arch: &amp;apos;amd64&amp;apos;, os.version: &amp;apos;10.0&amp;apos;, java.version: &amp;apos;16.0.1&amp;apos;
Driver info: driver.version: FirefoxDriver">
      <![CDATA[org.openqa.selenium.WebDriverException: Cannot find firefox binary in PATH. Make sure firefox is installed. OS appears to be: WIN10
Build info: version: '4.1.1', revision: 'e8fcc2cecf'
System info: host: 'DESKTOP-J1BNB1Q', ip: '192.168.60.155', os.name: 'Windows 10', os.arch: 'amd64', os.version: '10.0', java.version: '16.0.1'
Driver info: driver.version: FirefoxDriver
at org.openqa.selenium.firefox.FirefoxBinary.<init>(FirefoxBinary.java:95)
at java.base/java.util.Optional.orElseGet(Optional.java:364)
at org.openqa.selenium.firefox.FirefoxOptions.getBinary(FirefoxOptions.java:189)
at org.openqa.selenium.firefox.GeckoDriverService$Builder.withOptions(GeckoDriverService.java:179)
at org.openqa.selenium.firefox.FirefoxDriver.toExecutor(FirefoxDriver.java:232)
at org.openqa.selenium.firefox.FirefoxDriver.<init>(FirefoxDriver.java:186)
at org.openqa.selenium.firefox.FirefoxDriver.<init>(FirefoxDriver.java:164)
at com.generic.BaseClass.beforeclass(BaseClass.java:51)
at java.base/java.util.ArrayList.forEach(ArrayList.java:1511)
at java.base/java.util.concurrent.FutureTask.run(FutureTask.java:264)
at java.base/java.util.concurrent.ThreadPoolExecutor.runWorker(ThreadPoolExecutor.java:1130)
at java.base/java.util.concurrent.ThreadPoolExecutor$Worker.run(ThreadPoolExecutor.java:630)
at java.base/java.lang.Thread.run(Thread.java:831)
... Removed 16 stack frames]]>
    </failure>
  </testcase> <!-- @BeforeClass beforeclass -->
  <testcase classname="com.generic.BaseClass" name="@BeforeMethod logintoVtiger" time="-1.649662806144E9">
    <skipped/>
  </testcase> <!-- @BeforeMethod logintoVtiger -->
  <testcase classname="com.generic.BaseClass" name="@AfterMethod logout" time="-1.649662806247E9">
    <skipped/>
  </testcase> <!-- @AfterMethod logout -->
  <testcase classname="com.generic.BaseClass" name="@BeforeMethod logintoVtiger" time="-1.649662806261E9">
    <skipped/>
  </testcase> <!-- @BeforeMethod logintoVtiger -->
  <testcase classname="com.generic.BaseClass" name="@AfterMethod logout" time="-1.649662806281E9">
    <skipped/>
  </testcase> <!-- @AfterMethod logout -->
  <testcase classname="com.generic.BaseClass" name="@AfterClass afterClass" time="-1.649662806287E9">
    <skipped/>
  </testcase> <!-- @AfterClass afterClass -->
  <testcase classname="com.Vtiger_Application.TC002_CreatOgrTest" name="creatOgrTest" time="0.0">
    <skipped/>
  </testcase> <!-- creatOgrTest -->
  <testcase classname="com.Vtiger_Application.TC002_CreatOgrTest" name="createOrgWithMobileNumTest" time="0.0">
    <skipped/>
  </testcase> <!-- createOrgWithMobileNumTest -->
</testsuite> <!-- Test1 -->
