<?xml version="1.0" encoding="UTF-8"?>
<!-- Generated by org.testng.reporters.JUnitXMLReporter -->
<testsuite ignored="0" hostname="DESKTOP-J1BNB1Q" failures="0" tests="2" name="Test3" time="145.055" errors="0" timestamp="2022-04-11T11:08:22 IST">
  <testcase classname="com.Vtiger_Application.TC003_ContactWithOrgTest" name="contactWithOrgTest" time="62.807"/>
  <testcase classname="com.Vtiger_Application.TC003_ContactWithOrgTest" name="createContactTest" time="30.287"/>
</testsuite> <!-- Test3 -->
