<?xml version="1.0" encoding="UTF-8"?>
<!-- Generated by org.testng.reporters.JUnitXMLReporter -->
<testsuite ignored="1" hostname="DESKTOP-J1BNB1Q" failures="0" tests="1" name="Default test" time="52.238" errors="0" timestamp="2022-04-19T15:39:39 IST">
  <testcase classname="com.Vtiger_Application.TC003_ContactWithOrgTest" name="createContactTest" time="34.656"/>
  <testcase classname="com.Vtiger_Application.TC003_ContactWithOrgTest" name="contactWithOrgTest" time="0.0">
    <ignored/>
  </testcase> <!-- contactWithOrgTest -->
</testsuite> <!-- Default test -->
