<?xml version="1.0" encoding="UTF-8"?>
<!-- Generated by org.testng.reporters.JUnitXMLReporter -->
<testsuite ignored="0" hostname="DESKTOP-J1BNB1Q" failures="0" tests="2" name="Default test" time="26.408" errors="0" timestamp="2022-04-12T15:11:24 IST">
  <testcase classname="com.Practies.Skip_Test" name="clickOrgLink" time="17.287">
    <skipped/>
  </testcase> <!-- clickOrgLink -->
  <testcase classname="com.Practies.Skip_Test" name="loginSkipTest" time="9.054"/>
</testsuite> <!-- Default test -->
